[ 50%] Built target traj_vertices_publisher
[35m[1mConsolidate compiler generated dependencies of target simple_traj_planner[0m
[ 75%] [32mBuilding CXX object CMakeFiles/simple_traj_planner.dir/src/simple_traj_planner.cpp.o[0m
[01m[K/home/aimane/vnav23/labs/lab4/src/planner_pkg/src/simple_traj_planner.cpp:[m[K In member function â€˜[01m[Kvoid SimpleTrajPlanner::trajCB(geometry_msgs::msg::PoseArray_<std::allocator<void> >::SharedPtr)[m[Kâ€™:
[01m[K/home/aimane/vnav23/labs/lab4/src/planner_pkg/src/simple_traj_planner.cpp:101:17:[m[K [01;31m[Kerror: [m[Kbase operand of â€˜[01m[K->[m[Kâ€™ has non-pointer type â€˜[01m[Ktrajectory_msgs::msg::MultiDOFJointTrajectoryPoint[m[Kâ€™ {aka â€˜[01m[Ktrajectory_msgs::msg::MultiDOFJointTrajectoryPoint_<std::allocator<void> >[m[Kâ€™}
  101 |     desired_MDOF[01;31m[K->[m[Ktransforms.push_back(transform)
      |                 [01;31m[K^~[m[K
gmake[2]: *** [CMakeFiles/simple_traj_planner.dir/build.make:76: CMakeFiles/simple_traj_planner.dir/src/simple_traj_planner.cpp.o] Error 1
gmake[1]: *** [CMakeFiles/Makefile2:165: CMakeFiles/simple_traj_planner.dir/all] Error 2
gmake: *** [Makefile:146: all] Error 2
