[0.023s] Invoking command in '/home/aimane/vnav23/labs/lab4/build/planner_pkg': CMAKE_PREFIX_PATH=/home/aimane/vnav23/labs/lab4/install/mav_msgs:/home/aimane/mavros_ws/install/mavros_extras:/home/aimane/mavros_ws/install/mavros_examples:/home/aimane/mavros_ws/install/mavros:/home/aimane/mavros_ws/install/mavros_msgs:/home/aimane/mavros_ws/install/libmavconn:/home/aimane/vnav23/labs/lab4/install/trajectory_generation:/home/aimane/vnav23/labs/lab4/install/tesse_msgs:/home/aimane/vnav23/labs/lab4/install/planner_pkg:/home/aimane/vnav23/labs/lab4/install/tesse_ros_bridge:/opt/ros/humble:/home/aimane/vnav23/labs/lab4/install/mav_visualization:/home/aimane/vnav23/labs/lab4/install/mav_trajectory_generation:/home/aimane/vnav23/labs/lab4/install/mav_comm:/home/aimane/vnav23/labs/lab4/install/mav_system_msgs:/home/aimane/vnav23/labs/lab4/install/mav_state_machine_msgs:/home/aimane/vnav23/labs/lab4/install/mav_planning_msgs:/home/aimane/vnav23/labs/lab4/install/controller_pkg LD_LIBRARY_PATH=/home/aimane/vnav23/labs/lab4/install/mav_msgs/lib:/home/aimane/mavros_ws/install/mavros_extras/lib:/home/aimane/mavros_ws/install/mavros/lib:/home/aimane/mavros_ws/install/mavros_msgs/lib:/home/aimane/mavros_ws/install/libmavconn/lib:/home/aimane/vnav23/labs/lab4/install/tesse_msgs/lib:/home/aimane/vnav23/labs/lab4/install/mav_trajectory_generation/lib:/home/aimane/vnav23/labs/lab4/install/mav_system_msgs/lib:/home/aimane/vnav23/labs/lab4/install/mav_state_machine_msgs/lib:/home/aimane/vnav23/labs/lab4/install/mav_planning_msgs/lib:/opt/ros/humble/opt/rviz_ogre_vendor/lib:/opt/ros/humble/lib/x86_64-linux-gnu:/opt/ros/humble/lib /usr/bin/cmake --build /home/aimane/vnav23/labs/lab4/build/planner_pkg -- -j8 -l8
[0.092s] [35m[1mConsolidate compiler generated dependencies of target simple_traj_planner[0m
[0.115s] [ 50%] Built target traj_vertices_publisher
[0.123s] [ 75%] [32mBuilding CXX object CMakeFiles/simple_traj_planner.dir/src/simple_traj_planner.cpp.o[0m
[3.050s] [01m[K/home/aimane/vnav23/labs/lab4/src/planner_pkg/src/simple_traj_planner.cpp:[m[K In member function â€˜[01m[Kvoid SimpleTrajPlanner::trajCB(geometry_msgs::msg::PoseArray_<std::allocator<void> >::SharedPtr)[m[Kâ€™:
[3.051s] [01m[K/home/aimane/vnav23/labs/lab4/src/planner_pkg/src/simple_traj_planner.cpp:62:26:[m[K [01;31m[Kerror: [m[Kâ€˜[01m[Ktransform[m[Kâ€™ is not a member of â€˜[01m[Kgeometry_msgs::msg[m[Kâ€™; did you mean â€˜[01m[KTransform[m[Kâ€™?
[3.051s]    62 |     geometry_msgs::msg:: [01;31m[Ktransform[m[K;
[3.051s]       |                          [01;31m[K^~~~~~~~~[m[K
[3.051s]       |                          [32m[KTransform[m[K
[3.090s] [01m[K/home/aimane/vnav23/labs/lab4/src/planner_pkg/src/simple_traj_planner.cpp:68:5:[m[K [01;31m[Kerror: [m[Kâ€˜[01m[Ktransform_stamped[m[Kâ€™ was not declared in this scope; did you mean â€˜[01m[KtransformStamped[m[Kâ€™?
[3.090s]    68 |     [01;31m[Ktransform_stamped[m[K.transform.translation.x = target_pose.position.x;
[3.090s]       |     [01;31m[K^~~~~~~~~~~~~~~~~[m[K
[3.091s]       |     [32m[KtransformStamped[m[K
[3.091s] [01m[K/home/aimane/vnav23/labs/lab4/src/planner_pkg/src/simple_traj_planner.cpp:84:5:[m[K [01;31m[Kerror: [m[Kâ€˜[01m[Ktransform[m[Kâ€™ was not declared in this scope; did you mean â€˜[01m[Kstd::transform[m[Kâ€™?
[3.091s]    84 |     [01;31m[Ktransform[m[K = transform_stamped.transform;
[3.092s]       |     [01;31m[K^~~~~~~~~[m[K
[3.092s]       |     [32m[Kstd::transform[m[K
[3.092s] In file included from [01m[K/usr/include/c++/11/algorithm:74[m[K,
[3.092s]                  from [01m[K/opt/ros/humble/include/geometry_msgs/geometry_msgs/msg/detail/pose_array__struct.hpp:8[m[K,
[3.092s]                  from [01m[K/opt/ros/humble/include/geometry_msgs/geometry_msgs/msg/pose_array.hpp:7[m[K,
[3.092s]                  from [01m[K/home/aimane/vnav23/labs/lab4/src/planner_pkg/src/simple_traj_planner.cpp:1[m[K:
[3.092s] [01m[K/usr/include/c++/11/pstl/glue_algorithm_defs.h:162:1:[m[K [01;36m[Knote: [m[Kâ€˜[01m[Kstd::transform[m[Kâ€™ declared here
[3.092s]   162 | [01;36m[Ktransform[m[K(_ExecutionPolicy&& __exec, _ForwardIterator1 __first1, _ForwardIterator1 __last1, _ForwardIterator2 __first2,
[3.092s]       | [01;36m[K^~~~~~~~~[m[K
[3.096s] [01m[K/home/aimane/vnav23/labs/lab4/src/planner_pkg/src/simple_traj_planner.cpp:[m[K At global scope:
[3.096s] [01m[K/home/aimane/vnav23/labs/lab4/src/planner_pkg/src/simple_traj_planner.cpp:111:5:[m[K [01;31m[Kerror: [m[Kexpected unqualified-id before â€˜[01m[Kif[m[Kâ€™
[3.096s]   111 |     [01;31m[Kif[m[K (traj_msg->poses.empty()) {
[3.096s]       |     [01;31m[K^~[m[K
[3.099s] [01m[K/home/aimane/vnav23/labs/lab4/src/planner_pkg/src/simple_traj_planner.cpp:139:5:[m[K [01;31m[Kerror: [m[Kâ€˜[01m[KtransformStamped[m[Kâ€™ does not name a type
[3.099s]   139 |     [01;31m[KtransformStamped[m[K.header.stamp = this->get_clock()->now();
[3.099s]       |     [01;31m[K^~~~~~~~~~~~~~~~[m[K
[3.101s] [01m[K/home/aimane/vnav23/labs/lab4/src/planner_pkg/src/simple_traj_planner.cpp:140:5:[m[K [01;31m[Kerror: [m[Kâ€˜[01m[KtransformStamped[m[Kâ€™ does not name a type
[3.101s]   140 |     [01;31m[KtransformStamped[m[K.header.frame_id = "world";
[3.101s]       |     [01;31m[K^~~~~~~~~~~~~~~~[m[K
[3.104s] [01m[K/home/aimane/vnav23/labs/lab4/src/planner_pkg/src/simple_traj_planner.cpp:141:5:[m[K [01;31m[Kerror: [m[Kâ€˜[01m[KtransformStamped[m[Kâ€™ does not name a type
[3.104s]   141 |     [01;31m[KtransformStamped[m[K.child_frame_id = "desired_pose";
[3.104s]       |     [01;31m[K^~~~~~~~~~~~~~~~[m[K
[3.105s] [01m[K/home/aimane/vnav23/labs/lab4/src/planner_pkg/src/simple_traj_planner.cpp:145:5:[m[K [01;31m[Kerror: [m[Kâ€˜[01m[Kdesired_pose[m[Kâ€™ does not name a type
[3.105s]   145 |     [01;31m[Kdesired_pose[m[K.position.x = traj_msg->poses[1].position.x;
[3.106s]       |     [01;31m[K^~~~~~~~~~~~[m[K
[3.107s] [01m[K/home/aimane/vnav23/labs/lab4/src/planner_pkg/src/simple_traj_planner.cpp:146:5:[m[K [01;31m[Kerror: [m[Kâ€˜[01m[Kdesired_pose[m[Kâ€™ does not name a type
[3.107s]   146 |     [01;31m[Kdesired_pose[m[K.position.y = traj_msg->poses[1].position.y;
[3.107s]       |     [01;31m[K^~~~~~~~~~~~[m[K
[3.109s] [01m[K/home/aimane/vnav23/labs/lab4/src/planner_pkg/src/simple_traj_planner.cpp:147:5:[m[K [01;31m[Kerror: [m[Kâ€˜[01m[Kdesired_pose[m[Kâ€™ does not name a type
[3.109s]   147 |     [01;31m[Kdesired_pose[m[K.position.z = traj_msg->poses[1].position.z;
[3.109s]       |     [01;31m[K^~~~~~~~~~~~[m[K
[3.111s] [01m[K/home/aimane/vnav23/labs/lab4/src/planner_pkg/src/simple_traj_planner.cpp:149:5:[m[K [01;31m[Kerror: [m[Kâ€˜[01m[Kdesired_pose[m[Kâ€™ does not name a type
[3.111s]   149 |     [01;31m[Kdesired_pose[m[K.orientation.x = traj_msg->poses[1].orientation.x;
[3.111s]       |     [01;31m[K^~~~~~~~~~~~[m[K
[3.113s] [01m[K/home/aimane/vnav23/labs/lab4/src/planner_pkg/src/simple_traj_planner.cpp:150:5:[m[K [01;31m[Kerror: [m[Kâ€˜[01m[Kdesired_pose[m[Kâ€™ does not name a type
[3.113s]   150 |     [01;31m[Kdesired_pose[m[K.orientation.y = traj_msg->poses[1].orientation.y;
[3.113s]       |     [01;31m[K^~~~~~~~~~~~[m[K
[3.115s] [01m[K/home/aimane/vnav23/labs/lab4/src/planner_pkg/src/simple_traj_planner.cpp:151:5:[m[K [01;31m[Kerror: [m[Kâ€˜[01m[Kdesired_pose[m[Kâ€™ does not name a type
[3.115s]   151 |     [01;31m[Kdesired_pose[m[K.orientation.z = traj_msg->poses[1].orientation.z;
[3.115s]       |     [01;31m[K^~~~~~~~~~~~[m[K
[3.117s] [01m[K/home/aimane/vnav23/labs/lab4/src/planner_pkg/src/simple_traj_planner.cpp:152:5:[m[K [01;31m[Kerror: [m[Kâ€˜[01m[Kdesired_pose[m[Kâ€™ does not name a type
[3.117s]   152 |     [01;31m[Kdesired_pose[m[K.orientation.w = traj_msg->poses[1].orientation.w;
[3.117s]       |     [01;31m[K^~~~~~~~~~~~[m[K
[3.118s] [01m[K/home/aimane/vnav23/labs/lab4/src/planner_pkg/src/simple_traj_planner.cpp:154:5:[m[K [01;31m[Kerror: [m[Kâ€˜[01m[Ktransform[m[Kâ€™ does not name a type
[3.118s]   154 |     [01;31m[Ktransform[m[K.translation.x = desired_pose.position.x;
[3.119s]       |     [01;31m[K^~~~~~~~~[m[K
[3.120s] [01m[K/home/aimane/vnav23/labs/lab4/src/planner_pkg/src/simple_traj_planner.cpp:155:5:[m[K [01;31m[Kerror: [m[Kâ€˜[01m[Ktransform[m[Kâ€™ does not name a type
[3.120s]   155 |     [01;31m[Ktransform[m[K.translation.y = desired_pose.position.y;
[3.120s]       |     [01;31m[K^~~~~~~~~[m[K
[3.121s] [01m[K/home/aimane/vnav23/labs/lab4/src/planner_pkg/src/simple_traj_planner.cpp:156:5:[m[K [01;31m[Kerror: [m[Kâ€˜[01m[Ktransform[m[Kâ€™ does not name a type
[3.121s]   156 |     [01;31m[Ktransform[m[K.translation.z = desired_pose.position.z;
[3.121s]       |     [01;31m[K^~~~~~~~~[m[K
[3.122s] [01m[K/home/aimane/vnav23/labs/lab4/src/planner_pkg/src/simple_traj_planner.cpp:158:5:[m[K [01;31m[Kerror: [m[Kâ€˜[01m[Ktransform[m[Kâ€™ does not name a type
[3.122s]   158 |     [01;31m[Ktransform[m[K.rotation.w = desired_pose.orientation.w;
[3.122s]       |     [01;31m[K^~~~~~~~~[m[K
[3.124s] [01m[K/home/aimane/vnav23/labs/lab4/src/planner_pkg/src/simple_traj_planner.cpp:159:5:[m[K [01;31m[Kerror: [m[Kâ€˜[01m[Ktransform[m[Kâ€™ does not name a type
[3.124s]   159 |     [01;31m[Ktransform[m[K.rotation.x = desired_pose.orientation.x;
[3.124s]       |     [01;31m[K^~~~~~~~~[m[K
[3.125s] [01m[K/home/aimane/vnav23/labs/lab4/src/planner_pkg/src/simple_traj_planner.cpp:160:5:[m[K [01;31m[Kerror: [m[Kâ€˜[01m[Ktransform[m[Kâ€™ does not name a type
[3.125s]   160 |     [01;31m[Ktransform[m[K.rotation.y = desired_pose.orientation.y;
[3.125s]       |     [01;31m[K^~~~~~~~~[m[K
[3.126s] [01m[K/home/aimane/vnav23/labs/lab4/src/planner_pkg/src/simple_traj_planner.cpp:161:5:[m[K [01;31m[Kerror: [m[Kâ€˜[01m[Ktransform[m[Kâ€™ does not name a type
[3.126s]   161 |     [01;31m[Ktransform[m[K.rotation.z = desired_pose.orientation.z;
[3.126s]       |     [01;31m[K^~~~~~~~~[m[K
[3.128s] [01m[K/home/aimane/vnav23/labs/lab4/src/planner_pkg/src/simple_traj_planner.cpp:164:5:[m[K [01;31m[Kerror: [m[Kâ€˜[01m[Kvelocities[m[Kâ€™ does not name a type
[3.128s]   164 |     [01;31m[Kvelocities[m[K.linear.x = 0;
[3.128s]       |     [01;31m[K^~~~~~~~~~[m[K
[3.129s] [01m[K/home/aimane/vnav23/labs/lab4/src/planner_pkg/src/simple_traj_planner.cpp:165:5:[m[K [01;31m[Kerror: [m[Kâ€˜[01m[Kvelocities[m[Kâ€™ does not name a type
[3.129s]   165 |     [01;31m[Kvelocities[m[K.linear.y = 0;
[3.129s]       |     [01;31m[K^~~~~~~~~~[m[K
[3.131s] [01m[K/home/aimane/vnav23/labs/lab4/src/planner_pkg/src/simple_traj_planner.cpp:166:5:[m[K [01;31m[Kerror: [m[Kâ€˜[01m[Kvelocities[m[Kâ€™ does not name a type
[3.131s]   166 |     [01;31m[Kvelocities[m[K.linear.z = 0;
[3.131s]       |     [01;31m[K^~~~~~~~~~[m[K
[3.132s] [01m[K/home/aimane/vnav23/labs/lab4/src/planner_pkg/src/simple_traj_planner.cpp:167:5:[m[K [01;31m[Kerror: [m[Kâ€˜[01m[Kvelocities[m[Kâ€™ does not name a type
[3.132s]   167 |     [01;31m[Kvelocities[m[K.angular.x = 0;
[3.132s]       |     [01;31m[K^~~~~~~~~~[m[K
[3.134s] [01m[K/home/aimane/vnav23/labs/lab4/src/planner_pkg/src/simple_traj_planner.cpp:168:5:[m[K [01;31m[Kerror: [m[Kâ€˜[01m[Kvelocities[m[Kâ€™ does not name a type
[3.134s]   168 |     [01;31m[Kvelocities[m[K.angular.y = 0;
[3.134s]       |     [01;31m[K^~~~~~~~~~[m[K
[3.135s] [01m[K/home/aimane/vnav23/labs/lab4/src/planner_pkg/src/simple_traj_planner.cpp:169:5:[m[K [01;31m[Kerror: [m[Kâ€˜[01m[Kvelocities[m[Kâ€™ does not name a type
[3.135s]   169 |     [01;31m[Kvelocities[m[K.angular.z = 0;
[3.135s]       |     [01;31m[K^~~~~~~~~~[m[K
[3.137s] [01m[K/home/aimane/vnav23/labs/lab4/src/planner_pkg/src/simple_traj_planner.cpp:171:5:[m[K [01;31m[Kerror: [m[Kâ€˜[01m[Kaccelerations[m[Kâ€™ does not name a type
[3.137s]   171 |     [01;31m[Kaccelerations[m[K.linear.x = 0;
[3.137s]       |     [01;31m[K^~~~~~~~~~~~~[m[K
[3.138s] [01m[K/home/aimane/vnav23/labs/lab4/src/planner_pkg/src/simple_traj_planner.cpp:172:5:[m[K [01;31m[Kerror: [m[Kâ€˜[01m[Kaccelerations[m[Kâ€™ does not name a type
[3.138s]   172 |     [01;31m[Kaccelerations[m[K.linear.y = 0;
[3.138s]       |     [01;31m[K^~~~~~~~~~~~~[m[K
[3.140s] [01m[K/home/aimane/vnav23/labs/lab4/src/planner_pkg/src/simple_traj_planner.cpp:173:5:[m[K [01;31m[Kerror: [m[Kâ€˜[01m[Kaccelerations[m[Kâ€™ does not name a type
[3.140s]   173 |     [01;31m[Kaccelerations[m[K.linear.z = 0;
[3.140s]       |     [01;31m[K^~~~~~~~~~~~~[m[K
[3.142s] [01m[K/home/aimane/vnav23/labs/lab4/src/planner_pkg/src/simple_traj_planner.cpp:174:5:[m[K [01;31m[Kerror: [m[Kâ€˜[01m[Kaccelerations[m[Kâ€™ does not name a type
[3.142s]   174 |     [01;31m[Kaccelerations[m[K.angular.x = 0;
[3.142s]       |     [01;31m[K^~~~~~~~~~~~~[m[K
[3.143s] [01m[K/home/aimane/vnav23/labs/lab4/src/planner_pkg/src/simple_traj_planner.cpp:175:5:[m[K [01;31m[Kerror: [m[Kâ€˜[01m[Kaccelerations[m[Kâ€™ does not name a type
[3.143s]   175 |     [01;31m[Kaccelerations[m[K.angular.y = 0;
[3.144s]       |     [01;31m[K^~~~~~~~~~~~~[m[K
[3.145s] [01m[K/home/aimane/vnav23/labs/lab4/src/planner_pkg/src/simple_traj_planner.cpp:176:5:[m[K [01;31m[Kerror: [m[Kâ€˜[01m[Kaccelerations[m[Kâ€™ does not name a type
[3.145s]   176 |     [01;31m[Kaccelerations[m[K.angular.z = 0;
[3.145s]       |     [01;31m[K^~~~~~~~~~~~~[m[K
[3.147s] [01m[K/home/aimane/vnav23/labs/lab4/src/planner_pkg/src/simple_traj_planner.cpp:179:5:[m[K [01;31m[Kerror: [m[Kâ€˜[01m[Kdesired_MDOF[m[Kâ€™ does not name a type
[3.147s]   179 |     [01;31m[Kdesired_MDOF[m[K.time_from_start = rclcpp::Duration(0, 0);
[3.147s]       |     [01;31m[K^~~~~~~~~~~~[m[K
[3.149s] [01m[K/home/aimane/vnav23/labs/lab4/src/planner_pkg/src/simple_traj_planner.cpp:180:5:[m[K [01;31m[Kerror: [m[Kâ€˜[01m[Kdesired_MDOF[m[Kâ€™ does not name a type
[3.149s]   180 |     [01;31m[Kdesired_MDOF[m[K.transforms.push_back(transform);
[3.149s]       |     [01;31m[K^~~~~~~~~~~~[m[K
[3.150s] [01m[K/home/aimane/vnav23/labs/lab4/src/planner_pkg/src/simple_traj_planner.cpp:181:5:[m[K [01;31m[Kerror: [m[Kâ€˜[01m[Kdesired_MDOF[m[Kâ€™ does not name a type
[3.150s]   181 |     [01;31m[Kdesired_MDOF[m[K.velocities.push_back(velocities);
[3.150s]       |     [01;31m[K^~~~~~~~~~~~[m[K
[3.152s] [01m[K/home/aimane/vnav23/labs/lab4/src/planner_pkg/src/simple_traj_planner.cpp:182:5:[m[K [01;31m[Kerror: [m[Kâ€˜[01m[Kdesired_MDOF[m[Kâ€™ does not name a type
[3.152s]   182 |     [01;31m[Kdesired_MDOF[m[K.accelerations.push_back(accelerations);
[3.152s]       |     [01;31m[K^~~~~~~~~~~~[m[K
[3.155s] [01m[K/home/aimane/vnav23/labs/lab4/src/planner_pkg/src/simple_traj_planner.cpp:185:5:[m[K [01;31m[Kerror: [m[Kâ€˜[01m[Kdesired_state_pub_[m[Kâ€™ does not name a type
[3.155s]   185 |     [01;31m[Kdesired_state_pub_[m[K->publish(desired_MDOF);
[3.155s]       |     [01;31m[K^~~~~~~~~~~~~~~~~~[m[K
[3.157s] [01m[K/home/aimane/vnav23/labs/lab4/src/planner_pkg/src/simple_traj_planner.cpp:187:5:[m[K [01;31m[Kerror: [m[Kâ€˜[01m[KtransformStamped[m[Kâ€™ does not name a type
[3.157s]   187 |     [01;31m[KtransformStamped[m[K.transform = transform;
[3.157s]       |     [01;31m[K^~~~~~~~~~~~~~~~[m[K
[3.158s] [01m[K/home/aimane/vnav23/labs/lab4/src/planner_pkg/src/simple_traj_planner.cpp:188:5:[m[K [01;31m[Kerror: [m[Kâ€˜[01m[Kbr_[m[Kâ€™ does not name a type
[3.158s]   188 |     [01;31m[Kbr_[m[K->sendTransform(transformStamped);
[3.158s]       |     [01;31m[K^~~[m[K
[3.158s] [01m[K/home/aimane/vnav23/labs/lab4/src/planner_pkg/src/simple_traj_planner.cpp:197:5:[m[K [01;31m[Kerror: [m[Kâ€˜[01m[Kss[m[Kâ€™ does not name a type
[3.159s]   197 |     [01;31m[Kss[m[K << "Trajectory Position"
[3.159s]       |     [01;31m[K^~[m[K
[3.159s] In file included from [01m[K/opt/ros/humble/include/rclcpp/rclcpp/experimental/subscription_intra_process_base.hpp:27[m[K,
[3.159s]                  from [01m[K/opt/ros/humble/include/rclcpp/rclcpp/experimental/ros_message_intra_process_buffer.hpp:25[m[K,
[3.159s]                  from [01m[K/opt/ros/humble/include/rclcpp/rclcpp/experimental/intra_process_manager.hpp:31[m[K,
[3.159s]                  from [01m[K/opt/ros/humble/include/rclcpp/rclcpp/publisher.hpp:35[m[K,
[3.159s]                  from [01m[K/home/aimane/vnav23/labs/lab4/src/planner_pkg/src/simple_traj_planner.cpp:4[m[K:
[3.159s] [01m[K/home/aimane/vnav23/labs/lab4/src/planner_pkg/src/simple_traj_planner.cpp:200:5:[m[K [01;31m[Kerror: [m[Kexpected unqualified-id before â€˜[01m[Kdo[m[Kâ€™
[3.159s]   200 |     [01;31m[KRCLCPP_INFO[m[K(get_logger(), "%s", ss.str().c_str());
[3.159s]       |     [01;31m[K^~~~~~~~~~~[m[K
[3.159s] [01m[K/home/aimane/vnav23/labs/lab4/src/planner_pkg/src/simple_traj_planner.cpp:200:5:[m[K [01;31m[Kerror: [m[Kexpected unqualified-id before â€˜[01m[Kwhile[m[Kâ€™
[3.159s]   200 |     [01;31m[KRCLCPP_INFO[m[K(get_logger(), "%s", ss.str().c_str());
[3.159s]       |     [01;31m[K^~~~~~~~~~~[m[K
[3.159s] [01m[K/home/aimane/vnav23/labs/lab4/src/planner_pkg/src/simple_traj_planner.cpp:201:3:[m[K [01;31m[Kerror: [m[Kexpected declaration before â€˜[01m[K}[m[Kâ€™ token
[3.160s]   201 |   [01;31m[K}[m[K
[3.160s]       |   [01;31m[K^[m[K
[6.196s] gmake[2]: *** [CMakeFiles/simple_traj_planner.dir/build.make:76: CMakeFiles/simple_traj_planner.dir/src/simple_traj_planner.cpp.o] Error 1
[6.197s] gmake[1]: *** [CMakeFiles/Makefile2:165: CMakeFiles/simple_traj_planner.dir/all] Error 2
[6.197s] gmake: *** [Makefile:146: all] Error 2
[6.200s] Invoked command in '/home/aimane/vnav23/labs/lab4/build/planner_pkg' returned '2': CMAKE_PREFIX_PATH=/home/aimane/vnav23/labs/lab4/install/mav_msgs:/home/aimane/mavros_ws/install/mavros_extras:/home/aimane/mavros_ws/install/mavros_examples:/home/aimane/mavros_ws/install/mavros:/home/aimane/mavros_ws/install/mavros_msgs:/home/aimane/mavros_ws/install/libmavconn:/home/aimane/vnav23/labs/lab4/install/trajectory_generation:/home/aimane/vnav23/labs/lab4/install/tesse_msgs:/home/aimane/vnav23/labs/lab4/install/planner_pkg:/home/aimane/vnav23/labs/lab4/install/tesse_ros_bridge:/opt/ros/humble:/home/aimane/vnav23/labs/lab4/install/mav_visualization:/home/aimane/vnav23/labs/lab4/install/mav_trajectory_generation:/home/aimane/vnav23/labs/lab4/install/mav_comm:/home/aimane/vnav23/labs/lab4/install/mav_system_msgs:/home/aimane/vnav23/labs/lab4/install/mav_state_machine_msgs:/home/aimane/vnav23/labs/lab4/install/mav_planning_msgs:/home/aimane/vnav23/labs/lab4/install/controller_pkg LD_LIBRARY_PATH=/home/aimane/vnav23/labs/lab4/install/mav_msgs/lib:/home/aimane/mavros_ws/install/mavros_extras/lib:/home/aimane/mavros_ws/install/mavros/lib:/home/aimane/mavros_ws/install/mavros_msgs/lib:/home/aimane/mavros_ws/install/libmavconn/lib:/home/aimane/vnav23/labs/lab4/install/tesse_msgs/lib:/home/aimane/vnav23/labs/lab4/install/mav_trajectory_generation/lib:/home/aimane/vnav23/labs/lab4/install/mav_system_msgs/lib:/home/aimane/vnav23/labs/lab4/install/mav_state_machine_msgs/lib:/home/aimane/vnav23/labs/lab4/install/mav_planning_msgs/lib:/opt/ros/humble/opt/rviz_ogre_vendor/lib:/opt/ros/humble/lib/x86_64-linux-gnu:/opt/ros/humble/lib /usr/bin/cmake --build /home/aimane/vnav23/labs/lab4/build/planner_pkg -- -j8 -l8
